<?xml version="1.0" encoding="UTF-8"?>
<!-- Generated by org.testng.reporters.JUnitReportReporter -->
<testsuite hostname="Mathenas-MacBook-Air.local" failures="0" tests="3" name="site.ycsb.generator.TestRandomDiscreteTimestampGenerator" time="0.008" errors="0" timestamp="15 Jul 2025 05:50:52 GMT">
  <testcase classname="site.ycsb.generator.TestRandomDiscreteTimestampGenerator" name="withStartTime" time="0.000"/>
  <testcase classname="site.ycsb.generator.TestRandomDiscreteTimestampGenerator" name="systemTime" time="0.001"/>
  <testcase classname="site.ycsb.generator.TestRandomDiscreteTimestampGenerator" name="tooLarge" time="0.007"/>
</testsuite>
