<?xml version="1.0" encoding="UTF-8"?>
<!-- Generated by org.testng.reporters.JUnitReportReporter -->
<testsuite hostname="Mathenas-MacBook-Air.local" failures="0" tests="2" name="site.ycsb.workloads.TestCoreWorkload" time="0.001" errors="0" timestamp="15 Jul 2025 05:50:52 GMT">
  <testcase classname="site.ycsb.workloads.TestCoreWorkload" name="createOperationChooser" time="0.001"/>
  <testcase classname="site.ycsb.workloads.TestCoreWorkload" name="createOperationChooserNullProperties" time="0.000"/>
</testsuite>
