<?xml version="1.0" encoding="UTF-8"?>
<testsuite xmlns:xsi="http://www.w3.org/2001/XMLSchema-instance" xsi:noNamespaceSchemaLocation="https://maven.apache.org/surefire/maven-surefire-plugin/xsd/surefire-test-report-3.0.xsd" version="3.0" name="site.ycsb.db.JdbcDBClientTest" time="0.213" tests="7" errors="0" skipped="0" failures="0">
  <properties>
[...]
</properties>
  <testcase name="scanTest" classname="site.ycsb.db.JdbcDBClientTest" time="0.009">
    <system-out><![CDATA[Adding shard node URL: jdbc:hsqldb:mem:ycsb
Using shards: 1, batchSize:1, fetchSize: 1
]]></system-out>
    <system-err><![CDATA[Successfully initialized...
]]></system-err>
  </testcase>
  <testcase name="readTest" classname="site.ycsb.db.JdbcDBClientTest" time="0.001"/>
  <testcase name="updateTest" classname="site.ycsb.db.JdbcDBClientTest" time="0.002"/>
  <testcase name="insertPartialBatchTest" classname="site.ycsb.db.JdbcDBClientTest" time="0.002">
    <system-out><![CDATA[Adding shard node URL: jdbc:hsqldb:mem:ycsb
Using shards: 1, batchSize:10, fetchSize: 1
Adding shard node URL: jdbc:hsqldb:mem:ycsb
Using shards: 1, batchSize:1, fetchSize: 1
]]></system-out>
    <system-err><![CDATA[Successfully initialized...
Successfully initialized...
]]></system-err>
  </testcase>
  <testcase name="insertTest" classname="site.ycsb.db.JdbcDBClientTest" time="0.0"/>
  <testcase name="insertBatchTest" classname="site.ycsb.db.JdbcDBClientTest" time="0.002">
    <system-out><![CDATA[Adding shard node URL: jdbc:hsqldb:mem:ycsb
Using shards: 1, batchSize:10, fetchSize: 1
Adding shard node URL: jdbc:hsqldb:mem:ycsb
Using shards: 1, batchSize:1, fetchSize: 1
]]></system-out>
    <system-err><![CDATA[Successfully initialized...
Successfully initialized...
]]></system-err>
  </testcase>
  <testcase name="deleteTest" classname="site.ycsb.db.JdbcDBClientTest" time="0.001"/>
</testsuite>